2025-06-25 11:02:48,875 - INFO - ============================================================
2025-06-25 11:02:48,875 - INFO - RANSOMWARE PoC ACTIVITY LOG STARTED
2025-06-25 11:02:48,876 - INFO - ============================================================
2025-06-25 11:02:48,876 - INFO - Log file: logs/ransomware_activity_20250625_110248.log
2025-06-25 11:02:48,876 - INFO - Timestamp: 2025-06-25 11:02:48
2025-06-25 11:02:48,982 - INFO - Platform: Windows 11
2025-06-25 11:02:48,983 - INFO - Python version: 3.13.5 (tags/v3.13.5:6cb20a2, Jun 11 2025, 16:15:46) [MSC v.1943 64 bit (AMD64)]
2025-06-25 11:02:48,983 - INFO - User: mudit
2025-06-25 11:02:48,984 - INFO - Hostname: Mudityadev
2025-06-25 11:02:48,985 - INFO - ============================================================
2025-06-25 11:02:48,985 - INFO - Starting main function
2025-06-25 11:02:48,985 - INFO - Parsing command line arguments
2025-06-25 11:02:48,986 - INFO - Setting up argument parser
2025-06-25 11:02:48,987 - INFO - Parsing command line arguments
2025-06-25 11:02:48,987 - INFO - Arguments parsed - Path: D:\AI-Agent\Ransomware-PoC\testDir, Encrypt: True, Decrypt: False
2025-06-25 11:02:48,987 - INFO - Operation mode: ENCRYPT
2025-06-25 11:02:48,988 - INFO - Target path: D:\AI-Agent\Ransomware-PoC\testDir
2025-06-25 11:02:48,988 - INFO - Using specified path: D:\AI-Agent\Ransomware-PoC\testDir
2025-06-25 11:02:48,988 - INFO - Initializing RSA encryption for AES key
2025-06-25 11:02:49,039 - INFO - AES key encrypted with RSA public key
2025-06-25 11:02:49,039 - INFO - Encrypted key (base64): N4CSCC75OH4Snn9yeAP2vecHvQEddBFPOFtXIKOuIywm95M83eu4jKgG5gEJ9EP0ChCrCffbA2lSTm/qlzGp2NytT9aYH3j72EV3U4DCnBxtJA8KlJReAbXpKLwVu6Ljl2AM3ReJj1euUabJHULvyAfSqPD45c92o4hOcypnmYhin4ON/FOcJJPEL2VxP5axyIbqG+aaF1AuYUr1i1F0sesj/ca3pUdXFdMa87y9IosKIfiZ6Iq9+mbnKQfBKfDnE8rNq3mActZJrec8Aa38NCA7Ofz8sxZyiYNlp9bLgGc4hSFoKEGU4PT5H895AfvvYR8vX8IwzKUzgDM9Ow/6Bg==
2025-06-25 11:02:49,039 - INFO - Using hardcoded AES key for encryption
2025-06-25 11:02:49,040 - INFO - Creating AES cipher with CTR mode
2025-06-25 11:02:49,049 - INFO - Starting file discovery and processing
2025-06-25 11:02:49,050 - INFO - Processing directory: D:\AI-Agent\Ransomware-PoC\testDir
2025-06-25 11:02:49,051 - INFO - Discovered 3 files in D:\AI-Agent\Ransomware-PoC\testDir
2025-06-25 11:02:49,052 - INFO - Encrypting file: D:\AI-Agent\Ransomware-PoC\testDir\testPasswords.txt
2025-06-25 11:02:49,055 - INFO - Successfully encrypted: D:\AI-Agent\Ransomware-PoC\testDir\testPasswords.txt -> D:\AI-Agent\Ransomware-PoC\testDir\testPasswords.txt.wasted
2025-06-25 11:02:49,056 - INFO - Encrypting file: D:\AI-Agent\Ransomware-PoC\testDir\importantFile\fdsggg.txt
2025-06-25 11:02:49,058 - INFO - Successfully encrypted: D:\AI-Agent\Ransomware-PoC\testDir\importantFile\fdsggg.txt -> D:\AI-Agent\Ransomware-PoC\testDir\importantFile\fdsggg.txt.wasted
2025-06-25 11:02:49,059 - INFO - Encrypting file: D:\AI-Agent\Ransomware-PoC\testDir\importantFile\New Text Document - Copy.txt
2025-06-25 11:02:49,060 - INFO - Successfully encrypted: D:\AI-Agent\Ransomware-PoC\testDir\importantFile\New Text Document - Copy.txt -> D:\AI-Agent\Ransomware-PoC\testDir\importantFile\New Text Document - Copy.txt.wasted
2025-06-25 11:02:49,061 - INFO - Total files processed: 3
2025-06-25 11:02:49,061 - INFO - Starting key exfiltration and GUI launch
2025-06-25 11:02:49,061 - INFO - Attempting to connect to C2 server: 127.0.0.1:8080
2025-06-25 11:02:49,076 - INFO - Retrieving local IP address
2025-06-25 11:02:49,077 - INFO - Local IP address: 192.168.217.136
2025-06-25 11:02:49,079 - INFO - Successfully sent data to C2 server: 127.0.0.1:8080
2025-06-25 11:02:49,080 - INFO - Sent data includes: IP=192.168.217.136, User=mudit, Hostname=Mudityadev
2025-06-25 11:02:49,080 - INFO - Launching GUI window
2025-06-25 11:03:20,577 - INFO - Received keyboard interrupt, exiting
