2025-06-25 10:52:59,581 - INFO - ============================================================
2025-06-25 10:52:59,582 - INFO - RANSOMWARE PoC ACTIVITY LOG STARTED
2025-06-25 10:52:59,583 - INFO - ============================================================
2025-06-25 10:52:59,583 - INFO - Log file: logs/ransomware_activity_20250625_105259.log
2025-06-25 10:52:59,583 - INFO - Timestamp: 2025-06-25 10:52:59
2025-06-25 10:53:00,100 - INFO - Platform: Windows 11
2025-06-25 10:53:00,100 - INFO - Python version: 3.13.5 (tags/v3.13.5:6cb20a2, Jun 11 2025, 16:15:46) [MSC v.1943 64 bit (AMD64)]
2025-06-25 10:53:00,101 - INFO - User: mudit
2025-06-25 10:53:00,101 - INFO - Hostname: Mudityadev
2025-06-25 10:53:00,102 - INFO - ============================================================
2025-06-25 10:53:00,103 - INFO - Starting main function
2025-06-25 10:53:00,103 - INFO - Parsing command line arguments
2025-06-25 10:53:00,103 - INFO - Setting up argument parser
2025-06-25 10:53:00,105 - INFO - Parsing command line arguments
2025-06-25 10:53:00,106 - INFO - Arguments parsed - Path: D:\AI-Agent\Ransomware-PoC\testDir, Encrypt: True, Decrypt: False
2025-06-25 10:53:00,107 - INFO - Operation mode: ENCRYPT
2025-06-25 10:53:00,107 - INFO - Target path: D:\AI-Agent\Ransomware-PoC\testDir
2025-06-25 10:53:00,107 - INFO - Using specified path: D:\AI-Agent\Ransomware-PoC\testDir
2025-06-25 10:53:00,108 - INFO - Initializing RSA encryption for AES key
2025-06-25 10:53:00,217 - INFO - AES key encrypted with RSA public key
2025-06-25 10:53:00,218 - INFO - Encrypted key (base64): eAMA9y8PNmM9nRkrQu3wVBytEcH/KF/EORipljXxLXbIIn7Cs5iraSsHw0W4+ukGSANRUjDFjHtJCXPIPjNh8bz1cXa5aRN39FxN8zndU74QH1Ik9geWdbSz5puauLnqJlL4jRbyjJ8teFeZeQKB1Ok3D+/xbDmAp+IijzXEACe3fAvN7en8mhmWmkazm/bYpHQWaA6dp7TZWMD6HwbxwUox7vKVowIuWe3VybVClDeYYuQ+HpkTHcYlgHutXn7IPq6cKvvCtWPd4n+dPA9uTLVXzWtsv86MzgDbpBmLBMtp5JxACJvX0T9c21hThgyIP28Hc69io7XZRZ2IUfjNuQ==
2025-06-25 10:53:00,219 - INFO - Using hardcoded AES key for encryption
2025-06-25 10:53:00,220 - INFO - Creating AES cipher with CTR mode
2025-06-25 10:53:00,234 - INFO - Starting file discovery and processing
2025-06-25 10:53:00,234 - INFO - Processing directory: D:\AI-Agent\Ransomware-PoC\testDir
2025-06-25 10:53:00,237 - INFO - Discovered 3 files in D:\AI-Agent\Ransomware-PoC\testDir
2025-06-25 10:53:00,237 - INFO - Encrypting file: D:\AI-Agent\Ransomware-PoC\testDir\testPasswords.txt
2025-06-25 10:53:00,243 - INFO - Successfully encrypted: D:\AI-Agent\Ransomware-PoC\testDir\testPasswords.txt -> D:\AI-Agent\Ransomware-PoC\testDir\testPasswords.txt.wasted
2025-06-25 10:53:00,244 - INFO - Encrypting file: D:\AI-Agent\Ransomware-PoC\testDir\importantFile\New Text Document - Copy.txt
2025-06-25 10:53:00,247 - INFO - Successfully encrypted: D:\AI-Agent\Ransomware-PoC\testDir\importantFile\New Text Document - Copy.txt -> D:\AI-Agent\Ransomware-PoC\testDir\importantFile\New Text Document - Copy.txt.wasted
2025-06-25 10:53:00,248 - INFO - Encrypting file: D:\AI-Agent\Ransomware-PoC\testDir\importantFile\New folder\fdsggg.txt
2025-06-25 10:53:00,251 - INFO - Successfully encrypted: D:\AI-Agent\Ransomware-PoC\testDir\importantFile\New folder\fdsggg.txt -> D:\AI-Agent\Ransomware-PoC\testDir\importantFile\New folder\fdsggg.txt.wasted
2025-06-25 10:53:00,251 - INFO - Total files processed: 3
2025-06-25 10:53:00,252 - INFO - Starting key exfiltration and GUI launch
2025-06-25 10:53:00,252 - INFO - Attempting to connect to C2 server: 127.0.0.1:443
2025-06-25 10:53:02,311 - WARNING - Failed to connect to C2 server: [WinError 10061] No connection could be made because the target machine actively refused it
2025-06-25 10:53:02,311 - INFO - Launching GUI window (offline mode)
2025-06-25 10:53:48,245 - INFO - Received keyboard interrupt, exiting
