2025-06-25 12:33:01,139 - INFO - ============================================================
2025-06-25 12:33:01,139 - INFO - RANSOMWARE PoC ACTIVITY LOG STARTED
2025-06-25 12:33:01,140 - INFO - ============================================================
2025-06-25 12:33:01,140 - INFO - Log file: logs/ransomware_activity_20250625_123301.log
2025-06-25 12:33:01,141 - INFO - Timestamp: 2025-06-25 12:33:01
2025-06-25 12:33:01,307 - INFO - Platform: Windows 11
2025-06-25 12:33:01,308 - INFO - Python version: 3.13.5 (tags/v3.13.5:6cb20a2, Jun 11 2025, 16:15:46) [MSC v.1943 64 bit (AMD64)]
2025-06-25 12:33:01,309 - INFO - User: mudit
2025-06-25 12:33:01,309 - INFO - Hostname: Mudityadev
2025-06-25 12:33:01,310 - INFO - ============================================================
2025-06-25 12:33:01,311 - INFO - Starting main function
2025-06-25 12:33:01,311 - INFO - Parsing command line arguments
2025-06-25 12:33:01,311 - INFO - Setting up argument parser
2025-06-25 12:33:01,313 - INFO - Parsing command line arguments
2025-06-25 12:33:01,314 - INFO - Arguments parsed - Path: D:\AI-Agent\Ransomware-PoC\testDir, Encrypt: True, Decrypt: False
2025-06-25 12:33:01,314 - INFO - Operation mode: ENCRYPT
2025-06-25 12:33:01,315 - INFO - Target path: D:\AI-Agent\Ransomware-PoC\testDir
2025-06-25 12:33:01,315 - INFO - Using specified path: D:\AI-Agent\Ransomware-PoC\testDir
2025-06-25 12:33:01,315 - INFO - Initializing RSA encryption for AES key
2025-06-25 12:33:01,396 - INFO - AES key encrypted with RSA public key
2025-06-25 12:33:01,397 - INFO - Encrypted key (base64): NnfXb/vGNPL8ZLJhnPUrFqKWnBlv0WdU+XD/0q8mluiJWoIQF6R8wk+0NsICb3vVgNI3ck9mDeZrwQXlcI5HDVMoRC5yxKNgLZStiwzDn7TXQOje1Cexzmobdfo7AEUeq5685cgCtlw9/gBsdOwnAD/S8na+eO9+RuJ7iQaAD58T8NrNZeMDf+tOYX8HETqDH2SMf/LnH/0qF6MWhGNh9SK01Gw99YiD1e0qtH64iT7g+1UOejZhEig/8pzW+h42aKlYDhu0ReGMIy6ZVuhT1acJTvlxt/K4cywUosqukKEnT77brkhWATpKInH6nX+sYyhVsnRSgBT3owcVYOIRrQ==
2025-06-25 12:33:01,397 - INFO - Using hardcoded AES key for encryption
2025-06-25 12:33:01,398 - INFO - Creating AES cipher with CTR mode
2025-06-25 12:33:01,407 - INFO - Starting file discovery and processing
2025-06-25 12:33:01,408 - INFO - Connecting to C2 server BEFORE encryption to copy clean files
2025-06-25 12:33:01,408 - INFO - Attempting to connect to C2 server: 127.0.0.1:8080
2025-06-25 12:33:01,415 - INFO - Retrieving local IP address
2025-06-25 12:33:01,416 - INFO - Local IP address: 192.168.217.136
2025-06-25 12:33:01,418 - INFO - Successfully sent target directory to C2 server: 127.0.0.1:8080
2025-06-25 12:33:01,419 - INFO - Sent data includes: IP=192.168.217.136, User=mudit, Hostname=Mudityadev, TargetDir=D:\AI-Agent\Ransomware-PoC\testDir
2025-06-25 12:33:01,419 - INFO - C2 server will now copy clean files before encryption begins
2025-06-25 12:33:01,420 - INFO - Waiting for C2 server to complete file exfiltration...
2025-06-25 12:33:03,420 - INFO - Proceeding with file encryption...
2025-06-25 12:33:03,421 - INFO - Processing directory: D:\AI-Agent\Ransomware-PoC\testDir
2025-06-25 12:33:03,422 - INFO - Discovered 0 files in D:\AI-Agent\Ransomware-PoC\testDir
2025-06-25 12:33:03,423 - INFO - Total files processed: 0
2025-06-25 12:33:03,423 - INFO - Starting key exfiltration and GUI launch
2025-06-25 12:33:03,423 - INFO - Attempting to connect to C2 server: 127.0.0.1:8080
2025-06-25 12:33:03,442 - INFO - Retrieving local IP address
2025-06-25 12:33:03,444 - INFO - Local IP address: 192.168.217.136
2025-06-25 12:33:03,444 - INFO - Successfully sent data to C2 server: 127.0.0.1:8080
2025-06-25 12:33:03,445 - INFO - Sent data includes: IP=192.168.217.136, User=mudit, Hostname=Mudityadev, TargetDir=D:\AI-Agent\Ransomware-PoC\testDir
2025-06-25 12:33:03,445 - INFO - Launching WannaCry-style GUI window
2025-06-25 12:34:14,024 - INFO - Received keyboard interrupt, exiting
