2025-06-25 11:17:59,813 - INFO - ============================================================
2025-06-25 11:17:59,815 - INFO - RANSOMWARE PoC ACTIVITY LOG STARTED
2025-06-25 11:17:59,816 - INFO - ============================================================
2025-06-25 11:17:59,816 - INFO - Log file: logs/ransomware_activity_20250625_111759.log
2025-06-25 11:17:59,817 - INFO - Timestamp: 2025-06-25 11:17:59
2025-06-25 11:17:59,941 - INFO - Platform: Windows 11
2025-06-25 11:17:59,941 - INFO - Python version: 3.13.5 (tags/v3.13.5:6cb20a2, Jun 11 2025, 16:15:46) [MSC v.1943 64 bit (AMD64)]
2025-06-25 11:17:59,942 - INFO - User: mudit
2025-06-25 11:17:59,942 - INFO - Hostname: Mudityadev
2025-06-25 11:17:59,943 - INFO - ============================================================
2025-06-25 11:17:59,943 - INFO - Starting main function
2025-06-25 11:17:59,944 - INFO - Parsing command line arguments
2025-06-25 11:17:59,944 - INFO - Setting up argument parser
2025-06-25 11:17:59,946 - INFO - Parsing command line arguments
2025-06-25 11:17:59,947 - INFO - Arguments parsed - Path: D:\AI-Agent\Ransomware-PoC\testDir, Encrypt: True, Decrypt: False
2025-06-25 11:17:59,948 - INFO - Operation mode: ENCRYPT
2025-06-25 11:17:59,948 - INFO - Target path: D:\AI-Agent\Ransomware-PoC\testDir
2025-06-25 11:17:59,948 - INFO - Using specified path: D:\AI-Agent\Ransomware-PoC\testDir
2025-06-25 11:17:59,948 - INFO - Initializing RSA encryption for AES key
2025-06-25 11:18:00,023 - INFO - AES key encrypted with RSA public key
2025-06-25 11:18:00,024 - INFO - Encrypted key (base64): K1Z6hyU0JuZNFwnmQxmJaMuMaOrh5IJhbK6WBQpnjnmDsVGLzkWcOP3r2R6vG5gqmgryrpf6HdRUMcLWQnn3HjQH5e3VQARhvTBIzBTFWQGuqA/mQLg4zTZcw+k8y/uzB+wbFbPBmrhHRAjC3jKCfiB+kuFDXJGlqRXxgRe9l4kzdfsgGw/js/8WABR1J9K76PW28WsMBu1G4SP6RLgVNPJ/+qBvAKkTXFXSEc/zRAfnT6zW9hUps3RKnjJskVhDeJQ6iv78NCKfHysnsfb6sBPIDjwFDSwSDoDxzGHOcJ0VDnt3ylIc3dGi0MBIsZzZ5bXqDz9ZjYIU3ce8DfnuYw==
2025-06-25 11:18:00,024 - INFO - Using hardcoded AES key for encryption
2025-06-25 11:18:00,024 - INFO - Creating AES cipher with CTR mode
2025-06-25 11:18:00,034 - INFO - Starting file discovery and processing
2025-06-25 11:18:00,034 - INFO - Processing directory: D:\AI-Agent\Ransomware-PoC\testDir
2025-06-25 11:18:00,035 - INFO - Discovered 3 files in D:\AI-Agent\Ransomware-PoC\testDir
2025-06-25 11:18:00,036 - INFO - Encrypting file: D:\AI-Agent\Ransomware-PoC\testDir\testPasswords.txt
2025-06-25 11:18:00,039 - INFO - Successfully encrypted: D:\AI-Agent\Ransomware-PoC\testDir\testPasswords.txt -> D:\AI-Agent\Ransomware-PoC\testDir\testPasswords.txt.wasted
2025-06-25 11:18:00,039 - INFO - Encrypting file: D:\AI-Agent\Ransomware-PoC\testDir\importantFile\fdsggg.txt
2025-06-25 11:18:00,043 - INFO - Successfully encrypted: D:\AI-Agent\Ransomware-PoC\testDir\importantFile\fdsggg.txt -> D:\AI-Agent\Ransomware-PoC\testDir\importantFile\fdsggg.txt.wasted
2025-06-25 11:18:00,044 - INFO - Encrypting file: D:\AI-Agent\Ransomware-PoC\testDir\importantFile\New Text Document - Copy.txt
2025-06-25 11:18:00,046 - INFO - Successfully encrypted: D:\AI-Agent\Ransomware-PoC\testDir\importantFile\New Text Document - Copy.txt -> D:\AI-Agent\Ransomware-PoC\testDir\importantFile\New Text Document - Copy.txt.wasted
2025-06-25 11:18:00,048 - INFO - Total files processed: 3
2025-06-25 11:18:00,048 - INFO - Starting key exfiltration and GUI launch
2025-06-25 11:18:00,048 - INFO - Attempting to connect to C2 server: 127.0.0.1:8080
2025-06-25 11:18:00,072 - INFO - Retrieving local IP address
2025-06-25 11:18:00,073 - INFO - Local IP address: 192.168.217.136
2025-06-25 11:18:00,075 - INFO - Successfully sent data to C2 server: 127.0.0.1:8080
2025-06-25 11:18:00,075 - INFO - Sent data includes: IP=192.168.217.136, User=mudit, Hostname=Mudityadev
2025-06-25 11:18:00,075 - INFO - Launching GUI window
2025-06-25 11:18:41,597 - INFO - Received keyboard interrupt, exiting
