2025-06-25 12:00:05,763 - INFO - ============================================================
2025-06-25 12:00:05,764 - INFO - RANSOMWARE PoC ACTIVITY LOG STARTED
2025-06-25 12:00:05,764 - INFO - ============================================================
2025-06-25 12:00:05,765 - INFO - Log file: logs/ransomware_activity_20250625_120005.log
2025-06-25 12:00:05,765 - INFO - Timestamp: 2025-06-25 12:00:05
2025-06-25 12:00:05,951 - INFO - Platform: Windows 11
2025-06-25 12:00:05,951 - INFO - Python version: 3.13.5 (tags/v3.13.5:6cb20a2, Jun 11 2025, 16:15:46) [MSC v.1943 64 bit (AMD64)]
2025-06-25 12:00:05,952 - INFO - User: mudit
2025-06-25 12:00:05,952 - INFO - Hostname: Mudityadev
2025-06-25 12:00:05,953 - INFO - ============================================================
2025-06-25 12:00:05,953 - INFO - Starting main function
2025-06-25 12:00:05,953 - INFO - Parsing command line arguments
2025-06-25 12:00:05,954 - INFO - Setting up argument parser
2025-06-25 12:00:05,956 - INFO - Parsing command line arguments
2025-06-25 12:00:05,957 - INFO - Arguments parsed - Path: D:\AI-Agent\Ransomware-PoC\testDir, Encrypt: True, Decrypt: False
2025-06-25 12:00:05,957 - INFO - Operation mode: ENCRYPT
2025-06-25 12:00:05,957 - INFO - Target path: D:\AI-Agent\Ransomware-PoC\testDir
2025-06-25 12:00:05,958 - INFO - Using specified path: D:\AI-Agent\Ransomware-PoC\testDir
2025-06-25 12:00:05,958 - INFO - Initializing RSA encryption for AES key
2025-06-25 12:00:06,021 - INFO - AES key encrypted with RSA public key
2025-06-25 12:00:06,022 - INFO - Encrypted key (base64): FbbuftXLEjecesyKCdzsHA/ZvuLGaMN8TcGkLAEkML0cnsAZGVXXzzIATtnWLenBvCV3BUSd4LWYMxfdwyYl3N4+N9Fm/nx3htFuV+IUPPsHsqMcdYJTnkA5H8xb+fMVsgw/2PptiXmqPsBtQSLXW6qCcBt7hivWG6nRDj2wnpdqPTAIowUVT6X74cBjHPgJk8eMXn//WBWyVw37A308xnbAcAPklKvYXEnWyh/mC/Gc78WAJqbfKbBq6XBMTwnmTs568bsr5pih4Ft3TP0jOedz9k+6gh7xeFhFAxBWRzakVCOzVpFQcVP5eA1IuCssRLeiecdVapTAqNcfTMwqlw==
2025-06-25 12:00:06,022 - INFO - Using hardcoded AES key for encryption
2025-06-25 12:00:06,023 - INFO - Creating AES cipher with CTR mode
2025-06-25 12:00:06,031 - INFO - Starting file discovery and processing
2025-06-25 12:00:06,032 - INFO - Connecting to C2 server BEFORE encryption to copy clean files
2025-06-25 12:00:06,032 - INFO - Attempting to connect to C2 server: 127.0.0.1:8080
2025-06-25 12:00:06,056 - INFO - Retrieving local IP address
2025-06-25 12:00:06,057 - INFO - Local IP address: 192.168.217.136
2025-06-25 12:00:06,058 - INFO - Successfully sent target directory to C2 server: 127.0.0.1:8080
2025-06-25 12:00:06,058 - INFO - Sent data includes: IP=192.168.217.136, User=mudit, Hostname=Mudityadev, TargetDir=D:\AI-Agent\Ransomware-PoC\testDir
2025-06-25 12:00:06,059 - INFO - C2 server will now copy clean files before encryption begins
2025-06-25 12:00:06,059 - INFO - Waiting for C2 server to complete file exfiltration...
2025-06-25 12:00:08,060 - INFO - Proceeding with file encryption...
2025-06-25 12:00:08,060 - INFO - Processing directory: D:\AI-Agent\Ransomware-PoC\testDir
2025-06-25 12:00:08,062 - INFO - Discovered 0 files in D:\AI-Agent\Ransomware-PoC\testDir
2025-06-25 12:00:08,062 - INFO - Total files processed: 0
2025-06-25 12:00:08,063 - INFO - Starting key exfiltration and GUI launch
2025-06-25 12:00:08,063 - INFO - Attempting to connect to C2 server: 127.0.0.1:8080
2025-06-25 12:00:08,064 - INFO - Retrieving local IP address
2025-06-25 12:00:08,065 - INFO - Local IP address: 192.168.217.136
2025-06-25 12:00:08,065 - INFO - Successfully sent data to C2 server: 127.0.0.1:8080
2025-06-25 12:00:08,066 - INFO - Sent data includes: IP=192.168.217.136, User=mudit, Hostname=Mudityadev, TargetDir=D:\AI-Agent\Ransomware-PoC\testDir
2025-06-25 12:00:08,066 - INFO - Launching WannaCry-style GUI window
2025-06-25 12:00:12,694 - INFO - Received keyboard interrupt, exiting
