2025-06-25 11:38:25,731 - INFO - ============================================================
2025-06-25 11:38:25,732 - INFO - RANSOMWARE PoC ACTIVITY LOG STARTED
2025-06-25 11:38:25,732 - INFO - ============================================================
2025-06-25 11:38:25,733 - INFO - Log file: logs/ransomware_activity_20250625_113825.log
2025-06-25 11:38:25,733 - INFO - Timestamp: 2025-06-25 11:38:25
2025-06-25 11:38:25,840 - INFO - Platform: Windows 11
2025-06-25 11:38:25,840 - INFO - Python version: 3.13.5 (tags/v3.13.5:6cb20a2, Jun 11 2025, 16:15:46) [MSC v.1943 64 bit (AMD64)]
2025-06-25 11:38:25,841 - INFO - User: mudit
2025-06-25 11:38:25,842 - INFO - Hostname: Mudityadev
2025-06-25 11:38:25,843 - INFO - ============================================================
2025-06-25 11:38:25,843 - INFO - Starting main function
2025-06-25 11:38:25,843 - INFO - Parsing command line arguments
2025-06-25 11:38:25,844 - INFO - Setting up argument parser
2025-06-25 11:38:25,845 - INFO - Parsing command line arguments
2025-06-25 11:38:25,845 - INFO - Arguments parsed - Path: D:\AI-Agent\Ransomware-PoC\testDir, Encrypt: False, Decrypt: True
2025-06-25 11:38:25,846 - INFO - Operation mode: DECRYPT
2025-06-25 11:38:25,846 - INFO - Target path: D:\AI-Agent\Ransomware-PoC\testDir
2025-06-25 11:38:25,846 - INFO - Using specified path: D:\AI-Agent\Ransomware-PoC\testDir
2025-06-25 11:38:25,846 - INFO - Initializing RSA encryption for AES key
2025-06-25 11:38:25,905 - INFO - AES key encrypted with RSA public key
2025-06-25 11:38:25,906 - INFO - Encrypted key (base64): UsbTZFt9tJOmMzYMGlsjmzOalpz2k2F9NYKE7thCqvY/ntPQ6qdaCQkjUQoJVk2ICDoRymMNaUZ7sTr83gsGQC27HySGsV69S1ekmScQ7WHryQpeV3OZorkCooLiMxqzowpzuSz8Ao8VFFNZmpxzR5rnNgT42zp4bvV/orTH0pJH2c6G2ocTykN/wNuSUb0/bkT+dMw3clyWGwS2Wo3EEtmVUL7LNnQNKS/2RussLrjdnhefFDhdxZM6FHDt3UxB/P8iP1xlhQL3ezFw2JNadz44yEBnPNK6vOtktecz/+5eDjiGzzYzbAmSjE9La5ZXbtmaOTezEwUtVcitSIzY2A==
2025-06-25 11:38:25,906 - INFO - Decrypting AES key using RSA private key
2025-06-25 11:38:25,970 - INFO - AES key decrypted successfully
2025-06-25 11:38:25,971 - INFO - Creating AES cipher with CTR mode
2025-06-25 11:38:25,980 - INFO - Starting file discovery and processing
2025-06-25 11:38:25,981 - INFO - Processing directory: D:\AI-Agent\Ransomware-PoC\testDir
2025-06-25 11:38:25,982 - INFO - Discovered 3 files in D:\AI-Agent\Ransomware-PoC\testDir
2025-06-25 11:38:25,982 - INFO - Decrypting file: D:\AI-Agent\Ransomware-PoC\testDir\testPasswords.txt.wasted
2025-06-25 11:38:25,985 - INFO - Successfully decrypted: D:\AI-Agent\Ransomware-PoC\testDir\testPasswords.txt.wasted -> D:\AI-Agent\Ransomware-PoC\testDir\testPasswords.txt
2025-06-25 11:38:25,986 - INFO - Decrypting file: D:\AI-Agent\Ransomware-PoC\testDir\importantFile\fdsggg.txt.wasted
2025-06-25 11:38:25,987 - INFO - Successfully decrypted: D:\AI-Agent\Ransomware-PoC\testDir\importantFile\fdsggg.txt.wasted -> D:\AI-Agent\Ransomware-PoC\testDir\importantFile\fdsggg.txt
2025-06-25 11:38:25,988 - INFO - Decrypting file: D:\AI-Agent\Ransomware-PoC\testDir\importantFile\New Text Document - Copy.txt.wasted
2025-06-25 11:38:25,990 - INFO - Successfully decrypted: D:\AI-Agent\Ransomware-PoC\testDir\importantFile\New Text Document - Copy.txt.wasted -> D:\AI-Agent\Ransomware-PoC\testDir\importantFile\New Text Document - Copy.txt
2025-06-25 11:38:25,990 - INFO - Total files processed: 3
2025-06-25 11:38:25,991 - INFO - Wiping encryption key from memory
2025-06-25 11:38:25,991 - INFO - Key wipe completed
2025-06-25 11:38:25,992 - INFO - ============================================================
2025-06-25 11:38:25,993 - INFO - RANSOMWARE PoC ACTIVITY LOG ENDED
2025-06-25 11:38:25,993 - INFO - ============================================================
