2025-06-25 11:02:27,244 - INFO - ============================================================
2025-06-25 11:02:27,245 - INFO - RANSOMWARE PoC ACTIVITY LOG STARTED
2025-06-25 11:02:27,246 - INFO - ============================================================
2025-06-25 11:02:27,247 - INFO - Log file: logs/ransomware_activity_20250625_110227.log
2025-06-25 11:02:27,247 - INFO - Timestamp: 2025-06-25 11:02:27
2025-06-25 11:02:27,526 - INFO - Platform: Windows 11
2025-06-25 11:02:27,527 - INFO - Python version: 3.13.5 (tags/v3.13.5:6cb20a2, Jun 11 2025, 16:15:46) [MSC v.1943 64 bit (AMD64)]
2025-06-25 11:02:27,527 - INFO - User: mudit
2025-06-25 11:02:27,528 - INFO - Hostname: Mudityadev
2025-06-25 11:02:27,528 - INFO - ============================================================
2025-06-25 11:02:27,529 - INFO - Starting main function
2025-06-25 11:02:27,529 - INFO - Parsing command line arguments
2025-06-25 11:02:27,529 - INFO - Setting up argument parser
2025-06-25 11:02:27,531 - INFO - Parsing command line arguments
2025-06-25 11:02:27,532 - INFO - Arguments parsed - Path: D:\AI-Agent\Ransomware-PoC\testDir, Encrypt: False, Decrypt: True
2025-06-25 11:02:27,532 - INFO - Operation mode: DECRYPT
2025-06-25 11:02:27,532 - INFO - Target path: D:\AI-Agent\Ransomware-PoC\testDir
2025-06-25 11:02:27,533 - INFO - Using specified path: D:\AI-Agent\Ransomware-PoC\testDir
2025-06-25 11:02:27,533 - INFO - Initializing RSA encryption for AES key
2025-06-25 11:02:27,593 - INFO - AES key encrypted with RSA public key
2025-06-25 11:02:27,593 - INFO - Encrypted key (base64): aOPE9bHLUpyjKhgxN62OWlmRH6ZtdYCfo6m0EA2SjY246feiVseukhYpFfEd9qEV6sdLLvKkL4nbTRoy5TheCMhJdt2mqO7Ao1H25mZ+JLzj2xBVT5nIOavOEb2VS0gCrU+3uOS5mh8Kym15DuLOPBDyqLeDN2emXXxuBnYtp3AKBu/SgnVcnz0nXDHn/9Wa1vGsRPLg52MwILEMWLTsUjJBILciMr6WD+qKeDA9SMCBvhTSn0UNzrmaNpKtNTv9ftfxuOdRhINKCqGMmY4sC3Ke836CCXf+dMyZ0SfQGGPt+VNWRaPstnaNHNj61lHORqWtK4etHNL3nMgFZF0Hhw==
2025-06-25 11:02:27,594 - INFO - Decrypting AES key using RSA private key
2025-06-25 11:02:27,654 - INFO - AES key decrypted successfully
2025-06-25 11:02:27,655 - INFO - Creating AES cipher with CTR mode
2025-06-25 11:02:27,664 - INFO - Starting file discovery and processing
2025-06-25 11:02:27,664 - INFO - Processing directory: D:\AI-Agent\Ransomware-PoC\testDir
2025-06-25 11:02:27,666 - INFO - Discovered 3 files in D:\AI-Agent\Ransomware-PoC\testDir
2025-06-25 11:02:27,667 - INFO - Total files processed: 3
2025-06-25 11:02:27,667 - INFO - Wiping encryption key from memory
2025-06-25 11:02:27,667 - INFO - Key wipe completed
2025-06-25 11:02:27,667 - INFO - ============================================================
2025-06-25 11:02:27,668 - INFO - RANSOMWARE PoC ACTIVITY LOG ENDED
2025-06-25 11:02:27,668 - INFO - ============================================================
